<?xml version="1.0" encoding="UTF-8"?>
<!-- Generated by org.testng.reporters.JUnitReportReporter -->
<testsuite hostname="LAPTOP-99ECVK8O" failures="0" tests="6" name="JPASessionUtilTest" time="5.180" errors="0" timestamp="2022-02-13T17:34:17 GMT+01:00" skipped="0">
  <testcase classname="JPASessionUtilTest" name="testSession" time="0.393"/>
  <system-out/>
  <testcase classname="JPASessionUtilTest" name="testEntityManager" time="0.823"/>
  <system-out/>
  <testcase classname="JPASessionUtilTest" name="getSession" time="0.271"/>
  <system-out/>
  <testcase classname="JPASessionUtilTest" name="getEntityManager" time="3.675"/>
  <system-out/>
  <testcase classname="JPASessionUtilTest" name="nonexistentSessionName" time="0.010"/>
  <system-out/>
  <testcase classname="JPASessionUtilTest" name="nonexistentEntityManagerName" time="0.008"/>
  <system-out/>
</testsuite> <!-- JPASessionUtilTest -->
