<?xml version="1.0" encoding="UTF-8"?>
<!-- Generated by org.testng.reporters.JUnitReportReporter -->
<testsuite hostname="LAPTOP-99ECVK8O" failures="0" tests="6" name="JPASessionUtilTest" time="4.011" errors="0" timestamp="2022-02-05T18:46:33 GMT+01:00" skipped="0">
  <testcase classname="JPASessionUtilTest" name="getSession" time="0.154"/>
  <system-out/>
  <testcase classname="JPASessionUtilTest" name="nonexistentSessionName" time="0.007"/>
  <system-out/>
  <testcase classname="JPASessionUtilTest" name="testSession" time="0.287"/>
  <system-out/>
  <testcase classname="JPASessionUtilTest" name="testEntityManager" time="0.550"/>
  <system-out/>
  <testcase classname="JPASessionUtilTest" name="nonexistentEntityManagerName" time="0.008"/>
  <system-out/>
  <testcase classname="JPASessionUtilTest" name="getEntityManager" time="3.005"/>
  <system-out/>
</testsuite> <!-- JPASessionUtilTest -->
